2018-06-12 17:42:38.846  INFO 2656 --- [main] c.s.j.SpringbootApplication              : Starting SpringbootApplication on surajprajapati with PID 2656 (D:\MiniCodeFest\springbootprojects\springboot\target\classes started by suraj.prajapati in D:\MiniCodeFest\springbootprojects\springboot)
2018-06-12 17:42:38.849 DEBUG 2656 --- [main] c.s.j.SpringbootApplication              : Running with Spring Boot v1.5.3.RELEASE, Spring v4.3.8.RELEASE
2018-06-12 17:42:38.850  INFO 2656 --- [main] c.s.j.SpringbootApplication              : No active profile set, falling back to default profiles: default
2018-06-12 17:42:38.915  INFO 2656 --- [main] ationConfigEmbeddedWebApplicationContext : Refreshing org.springframework.boot.context.embedded.AnnotationConfigEmbeddedWebApplicationContext@2a5c8d3f: startup date [Tue Jun 12 17:42:38 IST 2018]; root of context hierarchy
2018-06-12 17:42:40.781  INFO 2656 --- [main] s.b.c.e.t.TomcatEmbeddedServletContainer : Tomcat initialized with port(s): 8184 (http)
2018-06-12 17:42:40.805  INFO 2656 --- [main] o.a.c.c.StandardService                  : Starting service Tomcat
2018-06-12 17:42:40.807  INFO 2656 --- [main] o.a.c.c.StandardEngine                   : Starting Servlet Engine: Apache Tomcat/8.5.14
2018-06-12 17:42:40.937  INFO 2656 --- [localhost-startStop-1] o.a.c.c.C.[.[.[/]                        : Initializing Spring embedded WebApplicationContext
2018-06-12 17:42:40.937  INFO 2656 --- [localhost-startStop-1] o.s.w.c.ContextLoader                    : Root WebApplicationContext: initialization completed in 2028 ms
2018-06-12 17:42:41.085  INFO 2656 --- [localhost-startStop-1] o.s.b.w.s.ServletRegistrationBean        : Mapping servlet: 'dispatcherServlet' to [/]
2018-06-12 17:42:41.090  INFO 2656 --- [localhost-startStop-1] o.s.b.w.s.FilterRegistrationBean         : Mapping filter: 'characterEncodingFilter' to: [/*]
2018-06-12 17:42:41.091  INFO 2656 --- [localhost-startStop-1] o.s.b.w.s.FilterRegistrationBean         : Mapping filter: 'hiddenHttpMethodFilter' to: [/*]
2018-06-12 17:42:41.091  INFO 2656 --- [localhost-startStop-1] o.s.b.w.s.FilterRegistrationBean         : Mapping filter: 'httpPutFormContentFilter' to: [/*]
2018-06-12 17:42:41.091  INFO 2656 --- [localhost-startStop-1] o.s.b.w.s.FilterRegistrationBean         : Mapping filter: 'requestContextFilter' to: [/*]
2018-06-12 17:42:48.519  INFO 2656 --- [main] j.LocalContainerEntityManagerFactoryBean : Building JPA container EntityManagerFactory for persistence unit 'default'
2018-06-12 17:42:49.251  INFO 2656 --- [main] j.LocalContainerEntityManagerFactoryBean : Initialized JPA EntityManagerFactory for persistence unit 'default'
2018-06-12 17:42:49.761  INFO 2656 --- [main] s.w.s.m.m.a.RequestMappingHandlerAdapter : Looking for @ControllerAdvice: org.springframework.boot.context.embedded.AnnotationConfigEmbeddedWebApplicationContext@2a5c8d3f: startup date [Tue Jun 12 17:42:38 IST 2018]; root of context hierarchy
2018-06-12 17:42:49.840  INFO 2656 --- [main] s.w.s.m.m.a.RequestMappingHandlerMapping : Mapped "{[/topics/{id}]}" onto public com.suraj.jpaintegration.topic.Topic com.suraj.jpaintegration.topic.TopicController.getTopic(java.lang.String)
2018-06-12 17:42:49.841  INFO 2656 --- [main] s.w.s.m.m.a.RequestMappingHandlerMapping : Mapped "{[/topics]}" onto public java.util.List<com.suraj.jpaintegration.topic.Topic> com.suraj.jpaintegration.topic.TopicController.getAllTopic()
2018-06-12 17:42:49.841  INFO 2656 --- [main] s.w.s.m.m.a.RequestMappingHandlerMapping : Mapped "{[/topics],methods=[POST]}" onto public void com.suraj.jpaintegration.topic.TopicController.addTopic(com.suraj.jpaintegration.topic.Topic)
2018-06-12 17:42:49.842  INFO 2656 --- [main] s.w.s.m.m.a.RequestMappingHandlerMapping : Mapped "{[/topics/{id}],methods=[PUT]}" onto public void com.suraj.jpaintegration.topic.TopicController.updateTopic(com.suraj.jpaintegration.topic.Topic,java.lang.String)
2018-06-12 17:42:49.842  INFO 2656 --- [main] s.w.s.m.m.a.RequestMappingHandlerMapping : Mapped "{[/topics/{id}],methods=[DELETE]}" onto public void com.suraj.jpaintegration.topic.TopicController.updateTopic(java.lang.String)
2018-06-12 17:42:49.845  INFO 2656 --- [main] s.w.s.m.m.a.RequestMappingHandlerMapping : Mapped "{[/error]}" onto public org.springframework.http.ResponseEntity<java.util.Map<java.lang.String, java.lang.Object>> org.springframework.boot.autoconfigure.web.BasicErrorController.error(javax.servlet.http.HttpServletRequest)
2018-06-12 17:42:49.845  INFO 2656 --- [main] s.w.s.m.m.a.RequestMappingHandlerMapping : Mapped "{[/error],produces=[text/html]}" onto public org.springframework.web.servlet.ModelAndView org.springframework.boot.autoconfigure.web.BasicErrorController.errorHtml(javax.servlet.http.HttpServletRequest,javax.servlet.http.HttpServletResponse)
2018-06-12 17:42:49.885  INFO 2656 --- [main] o.s.w.s.h.SimpleUrlHandlerMapping        : Mapped URL path [/webjars/**] onto handler of type [class org.springframework.web.servlet.resource.ResourceHttpRequestHandler]
2018-06-12 17:42:49.886  INFO 2656 --- [main] o.s.w.s.h.SimpleUrlHandlerMapping        : Mapped URL path [/**] onto handler of type [class org.springframework.web.servlet.resource.ResourceHttpRequestHandler]
2018-06-12 17:42:49.928  INFO 2656 --- [main] o.s.w.s.h.SimpleUrlHandlerMapping        : Mapped URL path [/**/favicon.ico] onto handler of type [class org.springframework.web.servlet.resource.ResourceHttpRequestHandler]
2018-06-12 17:42:50.200  INFO 2656 --- [main] o.s.j.e.a.AnnotationMBeanExporter        : Registering beans for JMX exposure on startup
2018-06-12 17:42:50.370  INFO 2656 --- [main] s.b.c.e.t.TomcatEmbeddedServletContainer : Tomcat started on port(s): 8184 (http)
2018-06-12 17:42:50.376  INFO 2656 --- [main] c.s.j.SpringbootApplication              : Started SpringbootApplication in 11.883 seconds (JVM running for 13.113)
2018-06-12 17:43:13.039  INFO 2656 --- [http-nio-8184-exec-1] o.a.c.c.C.[.[.[/]                        : Initializing Spring FrameworkServlet 'dispatcherServlet'
2018-06-12 17:43:13.040  INFO 2656 --- [http-nio-8184-exec-1] o.s.w.s.DispatcherServlet                : FrameworkServlet 'dispatcherServlet': initialization started
2018-06-12 17:43:13.076  INFO 2656 --- [http-nio-8184-exec-1] o.s.w.s.DispatcherServlet                : FrameworkServlet 'dispatcherServlet': initialization completed in 36 ms
2018-06-12 17:46:12.006  INFO 3204 --- [main] c.s.j.SpringbootApplication              : Starting SpringbootApplication on surajprajapati with PID 3204 (D:\MiniCodeFest\springbootprojects\springboot\target\classes started by suraj.prajapati in D:\MiniCodeFest\springbootprojects\springboot)
2018-06-12 17:46:12.010 DEBUG 3204 --- [main] c.s.j.SpringbootApplication              : Running with Spring Boot v1.5.3.RELEASE, Spring v4.3.8.RELEASE
2018-06-12 17:46:12.010  INFO 3204 --- [main] c.s.j.SpringbootApplication              : No active profile set, falling back to default profiles: default
2018-06-12 17:46:12.059  INFO 3204 --- [main] ationConfigEmbeddedWebApplicationContext : Refreshing org.springframework.boot.context.embedded.AnnotationConfigEmbeddedWebApplicationContext@2a5c8d3f: startup date [Tue Jun 12 17:46:12 IST 2018]; root of context hierarchy
2018-06-12 17:46:13.804  INFO 3204 --- [main] s.b.c.e.t.TomcatEmbeddedServletContainer : Tomcat initialized with port(s): 8184 (http)
2018-06-12 17:46:13.813  INFO 3204 --- [main] o.a.c.c.StandardService                  : Starting service Tomcat
2018-06-12 17:46:13.814  INFO 3204 --- [main] o.a.c.c.StandardEngine                   : Starting Servlet Engine: Apache Tomcat/8.5.14
2018-06-12 17:46:13.929  INFO 3204 --- [localhost-startStop-1] o.a.c.c.C.[.[.[/]                        : Initializing Spring embedded WebApplicationContext
2018-06-12 17:46:13.929  INFO 3204 --- [localhost-startStop-1] o.s.w.c.ContextLoader                    : Root WebApplicationContext: initialization completed in 1873 ms
2018-06-12 17:46:14.084  INFO 3204 --- [localhost-startStop-1] o.s.b.w.s.ServletRegistrationBean        : Mapping servlet: 'dispatcherServlet' to [/]
2018-06-12 17:46:14.088  INFO 3204 --- [localhost-startStop-1] o.s.b.w.s.FilterRegistrationBean         : Mapping filter: 'characterEncodingFilter' to: [/*]
2018-06-12 17:46:14.089  INFO 3204 --- [localhost-startStop-1] o.s.b.w.s.FilterRegistrationBean         : Mapping filter: 'hiddenHttpMethodFilter' to: [/*]
2018-06-12 17:46:14.089  INFO 3204 --- [localhost-startStop-1] o.s.b.w.s.FilterRegistrationBean         : Mapping filter: 'httpPutFormContentFilter' to: [/*]
2018-06-12 17:46:14.089  INFO 3204 --- [localhost-startStop-1] o.s.b.w.s.FilterRegistrationBean         : Mapping filter: 'requestContextFilter' to: [/*]
2018-06-12 17:46:21.771  INFO 3204 --- [main] j.LocalContainerEntityManagerFactoryBean : Building JPA container EntityManagerFactory for persistence unit 'default'
2018-06-12 17:46:22.577  INFO 3204 --- [main] j.LocalContainerEntityManagerFactoryBean : Initialized JPA EntityManagerFactory for persistence unit 'default'
2018-06-12 17:46:23.080  INFO 3204 --- [main] s.w.s.m.m.a.RequestMappingHandlerAdapter : Looking for @ControllerAdvice: org.springframework.boot.context.embedded.AnnotationConfigEmbeddedWebApplicationContext@2a5c8d3f: startup date [Tue Jun 12 17:46:12 IST 2018]; root of context hierarchy
2018-06-12 17:46:23.165  INFO 3204 --- [main] s.w.s.m.m.a.RequestMappingHandlerMapping : Mapped "{[/topics/{id}]}" onto public com.suraj.jpaintegration.topic.Topic com.suraj.jpaintegration.topic.TopicController.getTopic(java.lang.String)
2018-06-12 17:46:23.166  INFO 3204 --- [main] s.w.s.m.m.a.RequestMappingHandlerMapping : Mapped "{[/topics]}" onto public java.util.List<com.suraj.jpaintegration.topic.Topic> com.suraj.jpaintegration.topic.TopicController.getAllTopic()
2018-06-12 17:46:23.167  INFO 3204 --- [main] s.w.s.m.m.a.RequestMappingHandlerMapping : Mapped "{[/topics/{id}],methods=[PUT]}" onto public void com.suraj.jpaintegration.topic.TopicController.updateTopic(com.suraj.jpaintegration.topic.Topic,java.lang.String)
2018-06-12 17:46:23.167  INFO 3204 --- [main] s.w.s.m.m.a.RequestMappingHandlerMapping : Mapped "{[/topics/{id}],methods=[DELETE]}" onto public void com.suraj.jpaintegration.topic.TopicController.updateTopic(java.lang.String)
2018-06-12 17:46:23.168  INFO 3204 --- [main] s.w.s.m.m.a.RequestMappingHandlerMapping : Mapped "{[/topics],methods=[POST]}" onto public void com.suraj.jpaintegration.topic.TopicController.addTopic(com.suraj.jpaintegration.topic.Topic)
2018-06-12 17:46:23.171  INFO 3204 --- [main] s.w.s.m.m.a.RequestMappingHandlerMapping : Mapped "{[/error]}" onto public org.springframework.http.ResponseEntity<java.util.Map<java.lang.String, java.lang.Object>> org.springframework.boot.autoconfigure.web.BasicErrorController.error(javax.servlet.http.HttpServletRequest)
2018-06-12 17:46:23.171  INFO 3204 --- [main] s.w.s.m.m.a.RequestMappingHandlerMapping : Mapped "{[/error],produces=[text/html]}" onto public org.springframework.web.servlet.ModelAndView org.springframework.boot.autoconfigure.web.BasicErrorController.errorHtml(javax.servlet.http.HttpServletRequest,javax.servlet.http.HttpServletResponse)
2018-06-12 17:46:23.210  INFO 3204 --- [main] o.s.w.s.h.SimpleUrlHandlerMapping        : Mapped URL path [/webjars/**] onto handler of type [class org.springframework.web.servlet.resource.ResourceHttpRequestHandler]
2018-06-12 17:46:23.210  INFO 3204 --- [main] o.s.w.s.h.SimpleUrlHandlerMapping        : Mapped URL path [/**] onto handler of type [class org.springframework.web.servlet.resource.ResourceHttpRequestHandler]
2018-06-12 17:46:23.255  INFO 3204 --- [main] o.s.w.s.h.SimpleUrlHandlerMapping        : Mapped URL path [/**/favicon.ico] onto handler of type [class org.springframework.web.servlet.resource.ResourceHttpRequestHandler]
2018-06-12 17:46:23.538  INFO 3204 --- [main] o.s.j.e.a.AnnotationMBeanExporter        : Registering beans for JMX exposure on startup
2018-06-12 17:46:23.600  INFO 3204 --- [main] s.b.c.e.t.TomcatEmbeddedServletContainer : Tomcat started on port(s): 8184 (http)
2018-06-12 17:46:23.604  INFO 3204 --- [main] c.s.j.SpringbootApplication              : Started SpringbootApplication in 11.924 seconds (JVM running for 12.618)
2018-06-12 17:46:38.741  INFO 3204 --- [http-nio-8184-exec-1] o.a.c.c.C.[.[.[/]                        : Initializing Spring FrameworkServlet 'dispatcherServlet'
2018-06-12 17:46:38.742  INFO 3204 --- [http-nio-8184-exec-1] o.s.w.s.DispatcherServlet                : FrameworkServlet 'dispatcherServlet': initialization started
2018-06-12 17:46:38.768  INFO 3204 --- [http-nio-8184-exec-1] o.s.w.s.DispatcherServlet                : FrameworkServlet 'dispatcherServlet': initialization completed in 25 ms
